0 info it worked if it ends with ok
1 verbose cli [ '/Users/mlingolu/.nvm/versions/v6.3.0/bin/node',
1 verbose cli   '/Users/mlingolu/.nvm/versions/v6.3.0/bin/npm',
1 verbose cli   'run',
1 verbose cli   'postinstall' ]
2 info using npm@3.10.3
3 info using node@v6.3.0
4 verbose stack Error: missing script: postinstall
4 verbose stack     at run (/Users/mlingolu/.nvm/versions/v6.3.0/lib/node_modules/npm/lib/run-script.js:151:19)
4 verbose stack     at /Users/mlingolu/.nvm/versions/v6.3.0/lib/node_modules/npm/lib/run-script.js:61:5
4 verbose stack     at /Users/mlingolu/.nvm/versions/v6.3.0/lib/node_modules/npm/node_modules/read-package-json/read-json.js:356:5
4 verbose stack     at checkBinReferences_ (/Users/mlingolu/.nvm/versions/v6.3.0/lib/node_modules/npm/node_modules/read-package-json/read-json.js:320:45)
4 verbose stack     at final (/Users/mlingolu/.nvm/versions/v6.3.0/lib/node_modules/npm/node_modules/read-package-json/read-json.js:354:3)
4 verbose stack     at then (/Users/mlingolu/.nvm/versions/v6.3.0/lib/node_modules/npm/node_modules/read-package-json/read-json.js:124:5)
4 verbose stack     at ReadFileContext.<anonymous> (/Users/mlingolu/.nvm/versions/v6.3.0/lib/node_modules/npm/node_modules/read-package-json/read-json.js:295:20)
4 verbose stack     at ReadFileContext.callback (/Users/mlingolu/.nvm/versions/v6.3.0/lib/node_modules/npm/node_modules/graceful-fs/graceful-fs.js:78:16)
4 verbose stack     at FSReqWrap.readFileAfterOpen [as oncomplete] (fs.js:365:13)
5 verbose cwd /Users/mlingolu/Documents/WebStormProjects/POC/ng2-chat
6 error Darwin 16.1.0
7 error argv "/Users/mlingolu/.nvm/versions/v6.3.0/bin/node" "/Users/mlingolu/.nvm/versions/v6.3.0/bin/npm" "run" "postinstall"
8 error node v6.3.0
9 error npm  v3.10.3
10 error missing script: postinstall
11 error If you need help, you may report this error at:
11 error     <https://github.com/npm/npm/issues>
12 verbose exit [ 1, true ]
